2020-03-25 19:23:37,279 [Worker-2: Loading available Gradle versions] INFO  o.e.b.c.i.u.g.PublishedGradleVersions - Gradle version information cache is up-to-date. Trying to read.
2020-03-25 19:26:31,995 [Worker-0: Creating maven-archetype-quickstart] INFO  o.e.m.c.i.p.ProjectConfigurationManager - Collecting project info '/pom.xml' C:\Users\Personal\Desktop\Cherry\tdd\tddjunit\pom.xml
2020-03-25 19:26:36,078 [Worker-0: Creating maven-archetype-quickstart] INFO  o.e.m.c.i.l.LifecycleMappingFactory - Using org.eclipse.m2e.jdt.JarLifecycleMapping lifecycle mapping for MavenProject: com.epam:tddjunit:0.0.1-SNAPSHOT @ C:\Users\Personal\Desktop\Cherry\tdd\tddjunit\pom.xml.
2020-03-25 19:26:38,316 [Worker-0: Creating maven-archetype-quickstart] INFO  o.e.m.j.i.AbstractJavaProjectConfigurator - Adding source folder /tddjunit/src/main/java
2020-03-25 19:26:38,334 [Worker-0: Creating maven-archetype-quickstart] INFO  o.e.m.j.i.AbstractJavaProjectConfigurator - Adding source folder /tddjunit/src/test/java
2020-03-25 19:26:39,848 [Worker-0: Creating maven-archetype-quickstart] INFO  o.e.m.c.i.p.ProjectConfigurationManager - Imported and configured 1 project(s) in 7 sec
2020-03-25 19:26:40,899 [Worker-9: Building] INFO  o.e.m.c.i.embedder.EclipseLogger - Using 'UTF-8' encoding to copy filtered resources.
2020-03-25 19:26:40,900 [Worker-9: Building] INFO  o.e.m.c.i.embedder.EclipseLogger - skip non existing resourceDirectory C:\Users\Personal\Desktop\Cherry\tdd\tddjunit\src\main\resources
2020-03-25 19:26:40,902 [Worker-9: Building] INFO  o.e.m.c.i.embedder.EclipseLogger - Using 'UTF-8' encoding to copy filtered resources.
2020-03-25 19:26:40,903 [Worker-9: Building] INFO  o.e.m.c.i.embedder.EclipseLogger - skip non existing resourceDirectory C:\Users\Personal\Desktop\Cherry\tdd\tddjunit\src\test\resources
2020-03-25 19:27:18,367 [Worker-10: Building] INFO  o.e.m.c.i.embedder.EclipseLogger - Using 'UTF-8' encoding to copy filtered resources.
2020-03-25 19:27:18,367 [Worker-10: Building] INFO  o.e.m.c.i.embedder.EclipseLogger - skip non existing resourceDirectory C:\Users\Personal\Desktop\Cherry\tdd\tddjunit\src\main\resources
2020-03-25 19:27:18,369 [Worker-10: Building] INFO  o.e.m.c.i.embedder.EclipseLogger - Using 'UTF-8' encoding to copy filtered resources.
2020-03-25 19:27:18,369 [Worker-10: Building] INFO  o.e.m.c.i.embedder.EclipseLogger - skip non existing resourceDirectory C:\Users\Personal\Desktop\Cherry\tdd\tddjunit\src\test\resources
2020-03-25 19:27:21,236 [Worker-9: Building] INFO  o.e.m.c.i.embedder.EclipseLogger - Using 'UTF-8' encoding to copy filtered resources.
2020-03-25 19:27:21,237 [Worker-9: Building] INFO  o.e.m.c.i.embedder.EclipseLogger - skip non existing resourceDirectory C:\Users\Personal\Desktop\Cherry\tdd\tddjunit\src\main\resources
2020-03-25 19:27:21,241 [Worker-9: Building] INFO  o.e.m.c.i.embedder.EclipseLogger - Using 'UTF-8' encoding to copy filtered resources.
2020-03-25 19:27:21,241 [Worker-9: Building] INFO  o.e.m.c.i.embedder.EclipseLogger - skip non existing resourceDirectory C:\Users\Personal\Desktop\Cherry\tdd\tddjunit\src\test\resources
2020-03-25 19:27:43,796 [Worker-10: Building] INFO  o.e.m.c.i.embedder.EclipseLogger - Using 'UTF-8' encoding to copy filtered resources.
2020-03-25 19:27:43,797 [Worker-10: Building] INFO  o.e.m.c.i.embedder.EclipseLogger - skip non existing resourceDirectory C:\Users\Personal\Desktop\Cherry\tdd\tddjunit\src\main\resources
2020-03-25 19:27:43,798 [Worker-10: Building] INFO  o.e.m.c.i.embedder.EclipseLogger - Using 'UTF-8' encoding to copy filtered resources.
2020-03-25 19:27:43,799 [Worker-10: Building] INFO  o.e.m.c.i.embedder.EclipseLogger - skip non existing resourceDirectory C:\Users\Personal\Desktop\Cherry\tdd\tddjunit\src\test\resources
2020-03-25 19:28:02,543 [Worker-1: Building] INFO  o.e.m.c.i.embedder.EclipseLogger - Using 'UTF-8' encoding to copy filtered resources.
2020-03-25 19:28:02,543 [Worker-1: Building] INFO  o.e.m.c.i.embedder.EclipseLogger - skip non existing resourceDirectory C:\Users\Personal\Desktop\Cherry\tdd\tddjunit\src\main\resources
2020-03-25 19:28:02,545 [Worker-1: Building] INFO  o.e.m.c.i.embedder.EclipseLogger - Using 'UTF-8' encoding to copy filtered resources.
2020-03-25 19:28:02,545 [Worker-1: Building] INFO  o.e.m.c.i.embedder.EclipseLogger - skip non existing resourceDirectory C:\Users\Personal\Desktop\Cherry\tdd\tddjunit\src\test\resources
2020-03-25 19:30:19,397 [Worker-11: Building] INFO  o.e.m.c.i.embedder.EclipseLogger - Using 'UTF-8' encoding to copy filtered resources.
2020-03-25 19:30:19,415 [Worker-11: Building] INFO  o.e.m.c.i.embedder.EclipseLogger - skip non existing resourceDirectory C:\Users\Personal\Desktop\Cherry\tdd\tddjunit\src\main\resources
2020-03-25 19:30:19,418 [Worker-11: Building] INFO  o.e.m.c.i.embedder.EclipseLogger - Using 'UTF-8' encoding to copy filtered resources.
2020-03-25 19:30:19,419 [Worker-11: Building] INFO  o.e.m.c.i.embedder.EclipseLogger - skip non existing resourceDirectory C:\Users\Personal\Desktop\Cherry\tdd\tddjunit\src\test\resources
2020-03-25 19:30:44,878 [Worker-0: Building] INFO  o.e.m.c.i.embedder.EclipseLogger - Using 'UTF-8' encoding to copy filtered resources.
2020-03-25 19:30:44,879 [Worker-0: Building] INFO  o.e.m.c.i.embedder.EclipseLogger - skip non existing resourceDirectory C:\Users\Personal\Desktop\Cherry\tdd\tddjunit\src\main\resources
2020-03-25 19:30:44,881 [Worker-0: Building] INFO  o.e.m.c.i.embedder.EclipseLogger - Using 'UTF-8' encoding to copy filtered resources.
2020-03-25 19:30:44,881 [Worker-0: Building] INFO  o.e.m.c.i.embedder.EclipseLogger - skip non existing resourceDirectory C:\Users\Personal\Desktop\Cherry\tdd\tddjunit\src\test\resources
2020-03-25 19:31:49,444 [Worker-0: Building] INFO  o.e.m.c.i.embedder.EclipseLogger - Using 'UTF-8' encoding to copy filtered resources.
2020-03-25 19:31:49,444 [Worker-0: Building] INFO  o.e.m.c.i.embedder.EclipseLogger - skip non existing resourceDirectory C:\Users\Personal\Desktop\Cherry\tdd\tddjunit\src\main\resources
2020-03-25 19:31:49,447 [Worker-0: Building] INFO  o.e.m.c.i.embedder.EclipseLogger - Using 'UTF-8' encoding to copy filtered resources.
2020-03-25 19:31:49,448 [Worker-0: Building] INFO  o.e.m.c.i.embedder.EclipseLogger - skip non existing resourceDirectory C:\Users\Personal\Desktop\Cherry\tdd\tddjunit\src\test\resources
2020-03-25 19:31:57,092 [Worker-10: Building] INFO  o.e.m.c.i.embedder.EclipseLogger - Using 'UTF-8' encoding to copy filtered resources.
2020-03-25 19:31:57,092 [Worker-10: Building] INFO  o.e.m.c.i.embedder.EclipseLogger - skip non existing resourceDirectory C:\Users\Personal\Desktop\Cherry\tdd\tddjunit\src\main\resources
2020-03-25 19:31:57,095 [Worker-10: Building] INFO  o.e.m.c.i.embedder.EclipseLogger - Using 'UTF-8' encoding to copy filtered resources.
2020-03-25 19:31:57,095 [Worker-10: Building] INFO  o.e.m.c.i.embedder.EclipseLogger - skip non existing resourceDirectory C:\Users\Personal\Desktop\Cherry\tdd\tddjunit\src\test\resources
